C51 COMPILER V9.60.7.0   MAIN                                                              11/06/2023 13:00:25 PAGE 1   


C51 COMPILER V9.60.7.0, COMPILATION OF MODULE MAIN
OBJECT MODULE PLACED IN .\Objects\main.obj
COMPILER INVOKED BY: C:\Keil_v5\C51\BIN\C51.EXE main.c OPTIMIZE(8,SPEED) BROWSE DEBUG OBJECTEXTEND PRINT(.\Listings\main
                    -.lst) TABS(2) OBJECT(.\Objects\main.obj)

line level    source

   1           #include <at89x52.h>
   2          
   3          unsigned long int bitMask=0,newKey=0;
   4          unsigned char tVal;
   5          unsigned char ticks=0;
   6          char pulseCnt=0;
   7                                                                                                                    
             -                                                                                                                        
             -                                                                                                                        
             -                                      
   8          
   9          sbit LED1 = P2^0;
  10          sbit LED2 = P2^1;
  11          sbit LED3 = P2^2;
  12          
  13          #define POWER   0xFFA25D
  14          #define RESET   0xFF629D
  15          #define MODE    0xFFE21D
  16          #define CH_MIN  0xFF22DD
  17          #define CH_PLS  0xFF02FD
  18          #define PREV    0xFFE01F
  19          #define NEXT    0xFFA857
  20          #define EQ      0xFFC23D
  21          #define VOL_M   0xFF6897
  22          #define VOL_P   0xFF9867
  23          #define PLAY    0xFF906F
  24          #define ZERO    0xFFB04F
  25          #define ONE     0xFF30CF
  26          #define TWO     0xFF18E7
  27          #define THREE   0xFF7A85
  28          #define FOUR    0xFF10EF
  29          #define FIVE    0xFF38C7
  30          #define SIX     0xFF5AA5
  31          #define SEVEN   0xFF42BD
  32          #define EIGHT   0xFF4AB5
  33          #define NINE    0xFF52AD
  34          
  35          
  36          void timer0_ISR() interrupt 1
  37          {
  38   1          if(ticks<50){
  39   2              ticks++;
  40   2          }
  41   1          
  42   1          TH0 = 0xFC;   /*Reload Timer Values for 1ms*/
  43   1          TL0 = 0x67;
  44   1      }
  45          
  46          
  47          void INT0_ISR()  interrupt 0
  48          {
  49   1          tVal = ticks;
  50   1          ticks = 0;
  51   1      
C51 COMPILER V9.60.7.0   MAIN                                                              11/06/2023 13:00:25 PAGE 2   

  52   1          TH0 = 0xFC;  /*Reload Timer Values for 1ms*/
  53   1          TL0 = 0x67;
  54   1      
  55   1          pulseCnt++;
  56   1      
  57   1          if((tVal>=50)) /*Pulse width greater than 50ms signifies Start of Frame*/
  58   1          { 
  59   2              pulseCnt = -2; /*Skip first 2 counts*/
  60   2              bitMask = 0;
  61   2          }
  62   1          else if((pulseCnt>=0) && (pulseCnt<32)) 
  63   1          {  
  64   2            /* Accumulate 32 bit data */
  65   2              if(tVal>=2)            
  66   2              {
  67   3                  bitMask |=(unsigned long int)1<<(31-pulseCnt);
  68   3              }
  69   2      
  70   2          }
  71   1          else if(pulseCnt>=32)          /*End of Frame*/
  72   1          {
  73   2              newKey = bitMask;      
  74   2              pulseCnt = 0;
  75   2          }
  76   1      }
  77          
  78          
  79          void timerInit (void)
  80          {
  81   1          TMOD |= 0x01;  /* Timer 0 Mode 1 */
  82   1          TH0 = 0xFC;    /* Reload Value for 1ms for AT89S52*/
  83   1          TL0 = 0x67;
  84   1          TR0 = 1;       /*Start Timer*/
  85   1          ET0 = 1;       /*Enable Timer Interrupt*/
  86   1          
  87   1          IT0 = 1;       /*Int0 Falling Edge Interrupt*/
  88   1          EX0 = 1;       /*Enable INT0 Interrupt*/
  89   1          
  90   1          EA  = 1;       /*Enable Global Interrupts*/
  91   1      }
  92          
  93          
  94          void main()
  95          {
  96   1          
  97   1        timerInit();
  98   1        
  99   1        
 100   1          while(1)
 101   1          {
 102   2              if(newKey!=0)   
 103   2              {  
 104   3                  if(newKey == ONE){
 105   4                    P2=0x1c;
 106   4                    P0=0x06;
 107   4                  }
 108   3                  else if(newKey == TWO){
 109   4                    P2=0x18;
 110   4                    P0=0x5b;
 111   4                  }
 112   3                  else if(newKey == THREE)
 113   3                  {
C51 COMPILER V9.60.7.0   MAIN                                                              11/06/2023 13:00:25 PAGE 3   

 114   4                    P2=0x14;
 115   4                    P0=0x4f;
 116   4                  }
 117   3                  else if(newKey == FOUR)
 118   3                  {
 119   4                    P2=0x10;
 120   4                    P0=0x66;
 121   4                  }
 122   3                  else if(newKey == FIVE)
 123   3                  {
 124   4                    P2=0x0c;
 125   4                      P0=0x6D;
 126   4                  }
 127   3                  else if(newKey == SIX)
 128   3                  {
 129   4                    P2=0x08;
 130   4                      P0=0x7d;
 131   4                  }
 132   3                  else if(newKey == SEVEN)
 133   3                  {
 134   4                    P2=0x04;
 135   4                      P0=0x07;
 136   4                  }
 137   3                  else if(newKey == EIGHT)
 138   3                  {
 139   4                    P2=0x00;
 140   4                      P0=0x7f;
 141   4                  }
 142   3                  newKey = 1;    
 143   3              }
 144   2          }   
 145   1      }   


MODULE INFORMATION:   STATIC OVERLAYABLE
   CODE SIZE        =    472    ----
   CONSTANT SIZE    =   ----    ----
   XDATA SIZE       =   ----    ----
   PDATA SIZE       =   ----    ----
   DATA SIZE        =     11    ----
   IDATA SIZE       =   ----    ----
   BIT SIZE         =   ----    ----
END OF MODULE INFORMATION.


C51 COMPILATION COMPLETE.  0 WARNING(S),  0 ERROR(S)
