C51 COMPILER V9.60.7.0   XPT2046                                                           11/06/2023 14:35:18 PAGE 1   


C51 COMPILER V9.60.7.0, COMPILATION OF MODULE XPT2046
OBJECT MODULE PLACED IN .\Objects\XPT2046.obj
COMPILER INVOKED BY: C:\Keil_v5\C51\BIN\C51.EXE Users\XPT2046.c OPTIMIZE(8,SPEED) BROWSE INCDIR(.\Users) DEBUG OBJECTEXT
                    -END PRINT(.\Listings\XPT2046.lst) TABS(2) OBJECT(.\Objects\XPT2046.obj)

line level    source

   1          #include "XPT2046.h"
   2          
   3          void XPT2046_init()
   4          {
   5   1          P3 = 0x8F;
   6   1      
   7   1          CLK = 0;
   8   1          CS  = 1;
   9   1          DI = 1;
  10   1          CLK = 1;
  11   1          CS  = 0;
  12   1      }
  13          
  14          void delay_ms(unsigned int
  15          ms)
  16          {
  17   1        unsigned int p,k;
  18   1        for (p=0;p<ms;p++)
  19   1          for (k=0;k<120;k++)
  20   1          {}
  21   1      }
  22          
  23          void XPT2046_write(unsigned char value)
  24          {
  25   1          unsigned char i = 0x08;
  26   1      
  27   1          while(i > 0)
  28   1          {
  29   2               DI = (value >> 7);
  30   2      
  31   2               value <<= 1;
  32   2      
  33   2               CLK = 0;
  34   2               CLK = 1;
  35   2               delay_ms(1);
  36   2      
  37   2               i--;
  38   2          }
  39   1      }
  40          
  41          
  42          unsigned int XPT2046_read()
  43          {
  44   1          unsigned char i = 0x08;
  45   1          unsigned char value = 0x00;
  46   1      
  47   1          while(i > 0)
  48   1          {
  49   2              value <<= 1;
  50   2      
  51   2              CLK = 1;
  52   2              CLK = 0;
  53   2              delay_ms(1);
  54   2      
C51 COMPILER V9.60.7.0   XPT2046                                                           11/06/2023 14:35:18 PAGE 2   

  55   2              value |= DO;
  56   2      
  57   2              i--;
  58   2          }
  59   1      
  60   1          return value;
  61   1      }
  62          
  63          
  64          unsigned int XPT2046_read_ADC(unsigned char ch, unsigned char cmd)
  65          {
  66   1          unsigned int temp1 = 0x0000;
  67   1          unsigned int temp2 = 0x0000;
  68   1      
  69   1          CS = 0;
  70   1      
  71   1          XPT2046_write(start_con | ch | cmd);
  72   1          XPT2046_conversion_delay();
  73   1          temp1 = XPT2046_read();
  74   1          temp2 = XPT2046_read();
  75   1      
  76   1          CS = 1;
  77   1      
  78   1          temp2 = ((temp1 << 8) | temp2);
  79   1          temp1 = (temp2 & 0xFFFF);
  80   1          temp1 >>= 4;
  81   1      
  82   1          return temp1;
  83   1      }
  84          
  85          
  86          void XPT2046_conversion_delay()
  87          {
  88   1          CLK = 1;
  89   1          delay_ms(1);
  90   1          CLK = 0;
  91   1          delay_ms(1);
  92   1          delay_ms(1);
  93   1      }
  94          
  95          
  96          signed char XPT2046_get_temperature()
  97          {
  98   1          float t = 0.0;
  99   1      
 100   1          t = (float)XPT2046_read_ADC(ch_temp0, (ADC_res_12 | single_ended_ADC | power_down_between_conversions_
             -IRQ_enabled));
 101   1          t *= VDD_in_mV;
 102   1          t /= ADC_count_max;
 103   1          t = (306.85 - (0.467 * t));
 104   1      
 105   1          return ((signed char)t);
 106   1      }


MODULE INFORMATION:   STATIC OVERLAYABLE
   CODE SIZE        =    307    ----
   CONSTANT SIZE    =   ----    ----
   XDATA SIZE       =   ----    ----
   PDATA SIZE       =   ----    ----
   DATA SIZE        =   ----       6
   IDATA SIZE       =   ----    ----
C51 COMPILER V9.60.7.0   XPT2046                                                           11/06/2023 14:35:18 PAGE 3   

   BIT SIZE         =   ----    ----
END OF MODULE INFORMATION.


C51 COMPILATION COMPLETE.  0 WARNING(S),  0 ERROR(S)
