C51 COMPILER V9.60.7.0   DS1302                                                            09/18/2023 16:29:25 PAGE 1   


C51 COMPILER V9.60.7.0, COMPILATION OF MODULE DS1302
OBJECT MODULE PLACED IN .\Objects\DS1302.obj
COMPILER INVOKED BY: D:\8051\C51\BIN\C51.EXE DS1302.c OPTIMIZE(8,SPEED) BROWSE DEBUG OBJECTEXTEND PRINT(.\Listings\DS130
                    -2.lst) TABS(2) OBJECT(.\Objects\DS1302.obj)

line level    source

   1          #include "DS1302.h"
   2          
   3          #define SETTING_KEY   P3_7
   4          #define OPERATION_KEY P3_6
   5          
   6          #define  DT_SS        P2_0    // 段选
   7          #define  DT_BS        P2_1    // 位选
   8          #define  DT_DATA      P0
   9          unsigned char CC_LED_DATA[] = { 0x3F, 0x06, 0x5B, 0x4F, 0x66, 0x6D, 0x7D, 0x07, 0x7F, 0x6F, 0x77, 0x7C, 0x
             -39, 0x5E, 0x79, 0x71, 0x00 };
  10          unsigned char LED_SS_DATA[] = { 0xFE, 0xFD, 0xFB, 0xF7, 0xEF, 0xDF, 0xBF, 0x7F };
  11          
  12          ds1302_Datetime datetime;
  13          unsigned char lcd_display[8];
  14          bool OPERATION_KEY_PRESSED = false;
*** ERROR C129 IN LINE 14 OF DS1302.c: missing ';' before 'OPERATION_KEY_PRESSED'
  15          bool SETTING_KEY_PRESSED = false;
  16          // 0 is time, 1 is date
  17          bool DISPLAY_MODE = 0;
  18          
  19          unsigned char SETTING_MODE = 0, increase=0, twinkle = 0;
  20          
  21          void delay()
  22          {
  23            unsigned char a, b;
  24            for(b=80;b>0;b--)
  25              for(a=3;a>0;a--);
  26          }
  27          
  28          void setup()
  29          {
  30            SETTING_KEY = high;
  31            OPERATION_KEY = high;
  32          }
  33          
  34          void loop()
  35          {
  36            unsigned char i;
  37            ds1302_get_datetime(&datetime);
  38          
  39            // 显示模式切换按键
  40            if(OPERATION_KEY == low && !OPERATION_KEY_PRESSED)
  41            {
  42              OPERATION_KEY_PRESSED = true;
  43            }
  44            else if(OPERATION_KEY == high && OPERATION_KEY_PRESSED)
  45            {
  46              OPERATION_KEY_PRESSED = false;
  47              if(SETTING_MODE)
  48              {
  49                increase=1;
  50              }
  51              else
  52              {
C51 COMPILER V9.60.7.0   DS1302                                                            09/18/2023 16:29:25 PAGE 2   

  53                DISPLAY_MODE = !DISPLAY_MODE;
  54              }
  55            }
  56          
  57            // 设置模式切换按键
  58            if(SETTING_KEY == low && !SETTING_KEY_PRESSED)
  59            {
  60              SETTING_KEY_PRESSED = true;
  61            }
  62            else if(SETTING_KEY == high && SETTING_KEY_PRESSED)
  63            {
  64              SETTING_KEY_PRESSED = false;
  65              SETTING_MODE++;
  66              if(SETTING_MODE > 3) SETTING_MODE = 0;
  67            }
  68          
  69            // 设置
  70            if(SETTING_MODE && increase)
  71            {
  72              switch (SETTING_MODE) {
  73                case 1:
  74                {
  75                  if(DISPLAY_MODE == 0)
  76                  {
  77                    datetime.hour++;
  78                    if(datetime.hour > 23) datetime.hour = 0;
  79                  }
  80                  else
  81                  {
  82                    datetime.year++;
  83                    if(datetime.year > 50) datetime.year = 18;
  84                  }
  85                  break;
  86                }
  87                case 2:
  88                {
  89                  if(DISPLAY_MODE == 0)
  90                  {
  91                    datetime.minute++;
  92                    if(datetime.minute > 59) datetime.minute = 0;
  93                  }
  94                  else
  95                  {
  96                    datetime.month++;
  97                    if(datetime.month > 12) datetime.month = 0;
  98                  }
  99                  break;
 100                }
 101                case 3:
 102                {
 103                  if(DISPLAY_MODE == 0)
 104                  {
 105                    datetime.second++;
 106                    if(datetime.second > 59) datetime.second = 0;
 107                  }
 108                  else
 109                  {
 110                    datetime.day++;
 111                    // 31天的月
 112                    if(1 == datetime.month || 3 == datetime.month || 5 == datetime.month || 7 == datetime.month || 8
             - == datetime.month || 10 == datetime.month || 12 == datetime.month)
 113                    {
C51 COMPILER V9.60.7.0   DS1302                                                            09/18/2023 16:29:25 PAGE 3   

 114                      if(datetime.day > 31) datetime.day = 0;
 115                    }
 116                    // 2月
 117                    else if(2 == datetime.month)
 118                    {
 119                      // 闰年
 120                      if((datetime.year % 4 == 0 && datetime.year % 100 != 0) || datetime.year % 400 == 0)
 121                      {
 122                        if(datetime.day > 29) datetime.day = 0;
 123                      }
 124                      else
 125                      {
 126                        if(datetime.day > 28) datetime.day = 0;
 127                      }
 128                    }
 129                    // 30天的月
 130                    else
 131                    {
 132                      if(datetime.day > 30) datetime.day = 0;
 133                    }
 134                  }
 135                  break;
 136                }
 137                default:
 138                  break;
 139              }
 140              increase = 0;
 141              ds1302_set_datetime(&datetime);
 142            }
 143          
 144            if(DISPLAY_MODE == 0)
 145            {
 146              if(SETTING_MODE == 1 && twinkle > 40)
 147              {
 148                lcd_display[0] = 0x10;
 149                lcd_display[1] = 0x10;
 150              }
 151              else
 152              {
 153                lcd_display[0] = datetime.hour / 10;
 154                lcd_display[1] = datetime.hour % 10;
 155              }
 156              lcd_display[2] = 0x10;
 157              if(SETTING_MODE == 2 && twinkle > 40)
 158              {
 159                lcd_display[3] = 0x10;
 160                lcd_display[4] = 0x10;
 161              }
 162              else
 163              {
 164                lcd_display[3] = datetime.minute / 10;
 165                lcd_display[4] = datetime.minute % 10;
 166              }
 167              lcd_display[5] = 0x10;
 168              if(SETTING_MODE == 3 && twinkle > 40)
 169              {
 170                lcd_display[6] = 0x10;
 171                lcd_display[7] = 0x10;
 172              }
 173              else
 174              {
 175                lcd_display[6] = datetime.second / 10;
C51 COMPILER V9.60.7.0   DS1302                                                            09/18/2023 16:29:25 PAGE 4   

 176                lcd_display[7] = datetime.second % 10;
 177              }
 178            }
 179            else
 180            {
 181              if(SETTING_MODE == 1 && twinkle > 40)
 182              {
 183                lcd_display[0] = 0x10;
 184                lcd_display[1] = 0x10;
 185              }
 186              else
 187              {
 188                lcd_display[0] = datetime.year / 10;
 189                lcd_display[1] = datetime.year % 10;
 190              }
 191              lcd_display[2] = 0x10;
 192              if(SETTING_MODE == 2 && twinkle > 40)
 193              {
 194                lcd_display[3] = 0x10;
 195                lcd_display[4] = 0x10;
 196              }
 197              else
 198              {
 199                lcd_display[3] = datetime.month / 10;
 200                lcd_display[4] = datetime.month % 10;
 201              }
 202              lcd_display[5] = 0x10;
 203              if(SETTING_MODE == 3 && twinkle > 40)
 204              {
 205                lcd_display[6] = 0x10;
 206                lcd_display[7] = 0x10;
 207              }
 208              else
 209              {
 210                lcd_display[6] = datetime.day / 10;
 211                lcd_display[7] = datetime.day % 10;
 212              }
 213            }
 214          
 215            for(i=0; i<8; i++)
 216            {
 217              DT_BS = high;
 218              DT_DATA = LED_SS_DATA[i];
 219              DT_BS = low;
 220              DT_SS = high;
 221              DT_DATA = CC_LED_DATA[lcd_display[i]];
 222              DT_SS = low;
 223              delay();
 224              DT_BS = high;
 225              DT_DATA = 0xFF;
 226              DT_BS = low;
 227            }
 228            twinkle = twinkle > 80 ? 0 : ++twinkle;
 229          }

C51 COMPILATION COMPLETE.  0 WARNING(S),  1 ERROR(S)
