C51 COMPILER V9.60.7.0   MAIN                                                              11/13/2023 13:14:18 PAGE 1   


C51 COMPILER V9.60.7.0, COMPILATION OF MODULE MAIN
OBJECT MODULE PLACED IN main.OBJ
COMPILER INVOKED BY: C:\Keil_v5\C51\BIN\C51.EXE main.c OPTIMIZE(8,SPEED) BROWSE DEBUG OBJECTEXTEND TABS(2)

line level    source

   1          #include <reg52.h>
   2          
   3          #define uchar unsigned char
   4          #define uint unsigned int
   5          
   6          sbit LATCH_A = P2^2; // Latch cho hàng
   7          sbit LATCH_B = P2^3; // Latch cho c?t
   8          sbit LATCH_OE = P2^4; // Latch cho d?u ra
   9          
  10          uchar snake[64] = {0}; // Bi?u di?n ma tr?n 8x8
  11          uchar snake_length = 1;
  12          uchar snake_dir = 1; // 1: Right, 2: Down, 3: Left, 4: Up
  13          uchar food_position = 0;
  14          
  15          void delay(uint time) {
  16   1          uint i, j;
  17   1          for (i = 0; i < time; i++)
  18   1              for (j = 0; j < 120; j++);
  19   1      }
  20          
  21          void display() {
  22   1          uchar i;
  23   1          for (i = 0; i < 8; i++) {
  24   2              LATCH_A = 0;
  25   2              LATCH_B = 0;
  26   2              P0 = ~(1 << i);
  27   2              LATCH_A = 1;
  28   2              LATCH_B = 1;
  29   2              P0 = snake[i*8];
  30   2              LATCH_OE = 0;
  31   2              delay(1);
  32   2              LATCH_OE = 1;
  33   2          }
  34   1      }
  35          
  36          void generateFood() {
  37   1          food_position = rand() % 64;
*** WARNING C206 IN LINE 37 OF main.c: 'rand': missing function-prototype
  38   1          snake[food_position] = 1;
  39   1      }
  40          
  41          void updateSnake() {
  42   1          uchar i;
  43   1          for (i = 63; i > 0; i--) {
  44   2              snake[i] = snake[i - 1];
  45   2          }
  46   1      
  47   1          switch (snake_dir) {
  48   2              case 1:
  49   2                  snake[0] = (snake[0] << 1) & 0xFE;
  50   2                  break;
  51   2              case 2:
  52   2                  snake[0] = snake[0] >> 8;
  53   2                  break;
  54   2              case 3:
C51 COMPILER V9.60.7.0   MAIN                                                              11/13/2023 13:14:18 PAGE 2   

  55   2                  snake[0] = (snake[0] >> 1) | 0x80;
  56   2                  break;
  57   2              case 4:
  58   2                  snake[0] = snake[0] << 8;
  59   2                  break;
  60   2          }
  61   1      }
  62          
  63          bit checkCollision() {
  64   1          uchar i;
  65   1          for (i = 1; i < snake_length; i++) {
  66   2              if (snake[0] & snake[i]) {
  67   3                  return 1; // Collision detected
  68   3              }
  69   2          }
  70   1          return 0; // No collision
  71   1      }
  72          
  73          void main() {
  74   1          generateFood();
  75   1      
  76   1          while (1) {
  77   2              updateSnake();
  78   2              if (checkCollision()) {
  79   3                  // Game over
  80   3                  break;
  81   3              }
  82   2      
  83   2              if (snake[0] & snake[food_position]) {
  84   3                  // Snake ate the food
  85   3                  generateFood();
  86   3                  snake_length++;
  87   3              }
  88   2      
  89   2              display();
  90   2              delay(100);
  91   2          }
  92   1      
  93   1          while (1) {
  94   2              // Game over state
  95   2              // Handle game over animation or reset here
  96   2          }
  97   1      }


MODULE INFORMATION:   STATIC OVERLAYABLE
   CODE SIZE        =    223    ----
   CONSTANT SIZE    =   ----    ----
   XDATA SIZE       =   ----    ----
   PDATA SIZE       =   ----    ----
   DATA SIZE        =     67    ----
   IDATA SIZE       =   ----    ----
   BIT SIZE         =   ----    ----
END OF MODULE INFORMATION.


C51 COMPILATION COMPLETE.  1 WARNING(S),  0 ERROR(S)
